<?xml version="1.0" encoding="UTF-8"?>
<!-- Generated by org.testng.reporters.JUnitReportReporter -->
<testsuite hostname="DESKTOP-QVM6J4J" failures="0" tests="2" name="TestDemo.Session_NG_2" time="8.461" errors="0" timestamp="2023-12-01T09:15:30 IST" skipped="0">
  <testcase classname="TestDemo.Session_NG_2" name="VerifyTest1" time="3.915"/>
  <system-out/>
  <testcase classname="TestDemo.Session_NG_2" name="VerifyTest2" time="4.546"/>
  <system-out/>
</testsuite> <!-- TestDemo.Session_NG_2 -->
