<?xml version="1.0" encoding="UTF-8"?>
<!-- Generated by org.testng.reporters.JUnitReportReporter -->
<testsuite hostname="DESKTOP-QVM6J4J" failures="0" tests="3" name="TestDemo.Session_NG_1" time="0.009" errors="0" timestamp="2023-12-01T09:07:23 IST" skipped="0">
  <testcase classname="TestDemo.Session_NG_1" name="test3" time="0.001"/>
  <system-out/>
  <testcase classname="TestDemo.Session_NG_1" name="test1" time="0.007"/>
  <system-out/>
  <testcase classname="TestDemo.Session_NG_1" name="test2" time="0.001"/>
  <system-out/>
</testsuite> <!-- TestDemo.Session_NG_1 -->
