<?xml version="1.0" encoding="UTF-8"?>
<!-- Generated by org.testng.reporters.JUnitReportReporter -->
<testsuite hostname="DESKTOP-QVM6J4J" failures="0" tests="1" name="TestDemo_2.Test_ng7" time="4.274" errors="0" timestamp="2023-12-14T09:18:46 IST" skipped="0">
  <testcase classname="TestDemo_2.Test_ng7" name="verifyLoginFunctionality" time="4.274"/>
  <system-out/>
</testsuite> <!-- TestDemo_2.Test_ng7 -->
