<?xml version="1.0" encoding="UTF-8"?>
<!-- Generated by org.testng.reporters.JUnitReportReporter -->
<testsuite hostname="DESKTOP-QVM6J4J" failures="0" tests="1" name="TestDemo_2.Test_ng5" time="0.000" errors="0" timestamp="2023-12-06T09:16:51 IST" skipped="0">
  <testcase classname="TestDemo_2.Test_ng5" name="f2" time="0.000"/>
  <system-out/>
</testsuite> <!-- TestDemo_2.Test_ng5 -->
