<?xml version="1.0" encoding="UTF-8"?>
<!-- Generated by org.testng.reporters.JUnitReportReporter -->
<testsuite hostname="DESKTOP-QVM6J4J" failures="0" tests="1" name="TestDemo_2.Verify_Login_Functionality" time="6.036" errors="0" timestamp="2023-12-12T09:15:21 IST" skipped="0">
  <testcase classname="TestDemo_2.Verify_Login_Functionality" name="TC_login_001_Verify_Login_Functionality" time="6.036"/>
  <system-out/>
</testsuite> <!-- TestDemo_2.Verify_Login_Functionality -->
