<?xml version="1.0" encoding="UTF-8"?>
<!-- Generated by org.testng.reporters.JUnitReportReporter -->
<testsuite hostname="DESKTOP-QVM6J4J" failures="0" tests="1" name="TestDemo.Test_NG_3" time="4.928" errors="0" timestamp="2023-12-01T09:22:17 IST" skipped="0">
  <testcase classname="TestDemo.Test_NG_3" name="verifyTest3" time="4.928"/>
  <system-out/>
</testsuite> <!-- TestDemo.Test_NG_3 -->
