<?xml version="1.0" encoding="UTF-8"?>
<!-- Generated by org.testng.reporters.JUnitReportReporter -->
<testsuite hostname="DESKTOP-QVM6J4J" failures="0" tests="1" name="TestDemo_2.Test_ng3" time="0.002" errors="0" timestamp="2023-12-05T09:12:28 IST" skipped="0">
  <testcase classname="TestDemo_2.Test_ng3" name="p1" time="0.002"/>
  <system-out/>
</testsuite> <!-- TestDemo_2.Test_ng3 -->
