<?xml version="1.0" encoding="UTF-8"?>
<!-- Generated by org.testng.reporters.JUnitReportReporter -->
<testsuite hostname="DESKTOP-QVM6J4J" failures="0" tests="4" name="TestDemo_2.Test_ng6" time="26.380" errors="0" timestamp="2023-12-09T09:12:17 IST" skipped="0">
  <testcase classname="TestDemo_2.Test_ng6" name="t3" time="7.467"/>
  <system-out/>
  <testcase classname="TestDemo_2.Test_ng6" name="t1" time="5.430"/>
  <system-out/>
  <testcase classname="TestDemo_2.Test_ng6" name="t1" time="7.190"/>
  <system-out/>
  <testcase classname="TestDemo_2.Test_ng6" name="t2" time="6.293"/>
  <system-out/>
</testsuite> <!-- TestDemo_2.Test_ng6 -->
