<?xml version="1.0" encoding="UTF-8"?>
<!-- Generated by org.testng.reporters.JUnitReportReporter -->
<testsuite hostname="DESKTOP-QVM6J4J" failures="0" tests="3" name="TestDemo_2.Test_ng2" time="0.005" errors="0" timestamp="2023-12-05T09:12:28 IST" skipped="0">
  <testcase classname="TestDemo_2.Test_ng2" name="m1" time="0.001"/>
  <system-out/>
  <testcase classname="TestDemo_2.Test_ng2" name="m2" time="0.003"/>
  <system-out/>
  <testcase classname="TestDemo_2.Test_ng2" name="m3" time="0.001"/>
  <system-out/>
</testsuite> <!-- TestDemo_2.Test_ng2 -->
