<?xml version="1.0" encoding="UTF-8"?>
<!-- Generated by org.testng.reporters.JUnitReportReporter -->
<testsuite hostname="DESKTOP-QVM6J4J" failures="0" tests="2" name="TestDemo_2.Test_ng4" time="0.007" errors="0" timestamp="2023-12-06T09:16:51 IST" skipped="0">
  <testcase classname="TestDemo_2.Test_ng4" name="r3" time="0.001"/>
  <system-out/>
  <testcase classname="TestDemo_2.Test_ng4" name="r2" time="0.006"/>
  <system-out/>
</testsuite> <!-- TestDemo_2.Test_ng4 -->
